<?xml version="1.0" encoding="UTF-8"?>
<!-- Generated by org.testng.reporters.JUnitXMLReporter -->
<testsuite ignored="1" hostname="LAPTOP-F1IBA9U1" failures="0" tests="1" name="Default test" time="5.717" errors="0" timestamp="2024-05-04T19:55:36 IST">
  <testcase classname="TestScenarios.SearchTest" name="flipkartSearch" time="1.97"/>
  <testcase classname="TestScenarios.SearchTest" name="applyFilter" time="0.0">
    <ignored/>
  </testcase> <!-- applyFilter -->
</testsuite> <!-- Default test -->
