<?xml version="1.0" encoding="UTF-8"?>
<testng-results ignored="1" total="2" passed="1" failed="0" skipped="0">
  <reporter-output>
  </reporter-output>
  <suite started-at="2024-05-04T19:55:31 IST" name="Default suite" finished-at="2024-05-04T19:55:36 IST" duration-ms="5717">
    <groups>
    </groups>
    <test started-at="2024-05-04T19:55:31 IST" name="Default test" finished-at="2024-05-04T19:55:36 IST" duration-ms="5717">
      <class name="TestScenarios.SearchTest">
        <test-method is-config="true" signature="setup()[pri:0, instance:TestScenarios.SearchTest@942a29c]" started-at="2024-05-04T19:55:31 IST" name="setup" finished-at="2024-05-04T19:55:34 IST" duration-ms="3016" status="PASS">
          <reporter-output>
          </reporter-output>
        </test-method> <!-- setup -->
        <test-method signature="flipkartSearch()[pri:0, instance:TestScenarios.SearchTest@942a29c]" started-at="2024-05-04T19:55:34 IST" name="flipkartSearch" finished-at="2024-05-04T19:55:36 IST" duration-ms="1970" status="PASS">
          <reporter-output>
          </reporter-output>
        </test-method> <!-- flipkartSearch -->
        <test-method is-config="true" signature="afterMethod(org.testng.ITestResult)[pri:0, instance:TestScenarios.SearchTest@942a29c]" started-at="2024-05-04T19:55:36 IST" name="afterMethod" finished-at="2024-05-04T19:55:36 IST" duration-ms="1" status="PASS">
          <params>
            <param index="0">
              <value>
                <![CDATA[[TestResult name=flipkartSearch status=SUCCESS method=SearchTest.flipkartSearch()[pri:0, instance:TestScenarios.SearchTest@942a29c] output={null}]]]>
              </value>
            </param>
          </params>
          <reporter-output>
          </reporter-output>
        </test-method> <!-- afterMethod -->
        <test-method is-config="true" signature="afterClass()[pri:0, instance:TestScenarios.SearchTest@942a29c]" started-at="2024-05-04T19:55:36 IST" name="afterClass" finished-at="2024-05-04T19:55:36 IST" duration-ms="700" status="PASS">
          <reporter-output>
          </reporter-output>
        </test-method> <!-- afterClass -->
      </class> <!-- TestScenarios.SearchTest -->
    </test> <!-- Default test -->
  </suite> <!-- Default suite -->
</testng-results>
